<?xml version="1.0" encoding="UTF-8"?>
<testng-results skipped="0" failed="0" ignored="0" total="1" passed="1">
  <reporter-output>
  </reporter-output>
  <suite name="Default suite" duration-ms="11824" started-at="2020-10-20T22:46:29 IST" finished-at="2020-10-20T22:46:41 IST">
    <groups>
    </groups>
    <test name="Default test" duration-ms="11824" started-at="2020-10-20T22:46:29 IST" finished-at="2020-10-20T22:46:41 IST">
      <class name="Airbus.HomePage">
        <test-method status="PASS" signature="basePageNavigation()[pri:0, instance:Airbus.HomePage@51cdd8a]" name="basePageNavigation" duration-ms="11795" started-at="2020-10-20T22:46:30 IST" finished-at="2020-10-20T22:46:41 IST">
          <reporter-output>
          </reporter-output>
        </test-method> <!-- basePageNavigation -->
      </class> <!-- Airbus.HomePage -->
    </test> <!-- Default test -->
  </suite> <!-- Default suite -->
</testng-results>
